<?xml version="1.0" encoding="UTF-8"?>
<testng-results skipped="0" failed="0" ignored="0" total="1" passed="1">
  <reporter-output>
  </reporter-output>
  <suite name="Default suite" duration-ms="126954" started-at="2019-09-24T19:59:01 CEST" finished-at="2019-09-24T20:01:08 CEST">
    <groups>
    </groups>
    <test name="Default test" duration-ms="126954" started-at="2019-09-24T19:59:01 CEST" finished-at="2019-09-24T20:01:08 CEST">
      <class name="test.TC003_ValidatePetCreation">
        <test-method status="PASS" signature="validatePetCreation()[pri:0, instance:test.TC003_ValidatePetCreation@36fc695d]" name="validatePetCreation" duration-ms="126910" started-at="2019-09-24T19:59:01 CEST" finished-at="2019-09-24T20:01:08 CEST">
          <reporter-output>
          </reporter-output>
        </test-method> <!-- validatePetCreation -->
      </class> <!-- test.TC003_ValidatePetCreation -->
    </test> <!-- Default test -->
  </suite> <!-- Default suite -->
</testng-results>
